{
  "TotalTests": 14,
  "Duration": 1.0918165,
  "FailedTests": 9,
  "Results": [
    {
      "Error": "",
      "Status": "PASSED",
      "Details": null,
      "TestName": "Import Refactored Module",
      "Message": "Module imported successfully",
      "Timestamp": "2025-08-25T21:05:20"
    },
    {
      "Error": "",
      "Status": "PASSED",
      "Details": null,
      "TestName": "Module Information",
      "Message": "Version: 2.0.0-Refactored, Architecture: Modular Component-Based",
      "Timestamp": "2025-08-25T21:05:20"
    },
    {
      "Error": "",
      "Status": "PASSED",
      "Details": null,
      "TestName": "Core Functions Available",
      "Message": "All 7 required functions found",
      "Timestamp": "2025-08-25T21:05:20"
    },
    {
      "Error": "The term 'Get-OptimalThreadCount' is not recognized as a name of a cmdlet, function, script file, or executable program.\r\nCheck the spelling of the name, or if a path was included, verify that the path is correct and try again.",
      "Status": "FAILED",
      "Details": null,
      "TestName": "Optimal Thread Calculation",
      "Message": "",
      "Timestamp": "2025-08-25T21:05:20"
    },
    {
      "Error": "The term 'New-RunspacePoolManager' is not recognized as a name of a cmdlet, function, script file, or executable program.\r\nCheck the spelling of the name, or if a path was included, verify that the path is correct and try again.",
      "Status": "FAILED",
      "Details": null,
      "TestName": "RunspacePool Manager Creation",
      "Message": "",
      "Timestamp": "2025-08-25T21:05:20"
    },
    {
      "Error": "The term 'New-StatisticsTracker' is not recognized as a name of a cmdlet, function, script file, or executable program.\r\nCheck the spelling of the name, or if a path was included, verify that the path is correct and try again.",
      "Status": "FAILED",
      "Details": null,
      "TestName": "Statistics Tracker Creation",
      "Message": "",
      "Timestamp": "2025-08-25T21:05:20"
    },
    {
      "Error": "",
      "Status": "PASSED",
      "Details": null,
      "TestName": "Parallel Processor Creation",
      "Message": "Processor ID: 7f65ec23",
      "Timestamp": "2025-08-25T21:05:20"
    },
    {
      "Error": "",
      "Status": "FAILED",
      "Details": null,
      "TestName": "Processor Health Check",
      "Message": "Health issues: Error checking health: Exception calling \"EnterReadLock\" with \"0\" argument(s): \"Recursive read lock acquisitions not allowed in this mode.\"",
      "Timestamp": "2025-08-25T21:05:20"
    },
    {
      "Error": "A parameter cannot be found that matches parameter name 'InputObjects'.",
      "Status": "FAILED",
      "Details": null,
      "TestName": "Simple Parallel Processing",
      "Message": "",
      "Timestamp": "2025-08-25T21:05:20"
    },
    {
      "Error": "Exception calling \"EnterReadLock\" with \"0\" argument(s): \"Recursive read lock acquisitions not allowed in this mode.\"",
      "Status": "FAILED",
      "Details": null,
      "TestName": "Statistics Retrieval",
      "Message": "",
      "Timestamp": "2025-08-25T21:05:20"
    },
    {
      "Error": "",
      "Status": "PASSED",
      "Details": null,
      "TestName": "Processor Cleanup",
      "Message": "Processor stopped and disposed",
      "Timestamp": "2025-08-25T21:05:21"
    },
    {
      "Error": "A parameter cannot be found that matches parameter name 'Processor'.",
      "Status": "FAILED",
      "Details": null,
      "TestName": "Batch Processing",
      "Message": "",
      "Timestamp": "2025-08-25T21:05:21"
    },
    {
      "Error": "A parameter cannot be found that matches parameter name 'InputObjects'.",
      "Status": "FAILED",
      "Details": null,
      "TestName": "Error Handling with Retry",
      "Message": "",
      "Timestamp": "2025-08-25T21:05:21"
    },
    {
      "Error": "A parameter cannot be found that matches parameter name 'InputObjects'.",
      "Status": "FAILED",
      "Details": null,
      "TestName": "Performance Test",
      "Message": "",
      "Timestamp": "2025-08-25T21:05:21"
    }
  ],
  "EndTime": "2025-08-25T21:05:21",
  "SkippedTests": 0,
  "PassedTests": 5,
  "TestSuite": "ParallelProcessor-Refactored",
  "Summary": {
    "Duration": "1.09 seconds",
    "FailedTests": 9,
    "PassedTests": 5,
    "TotalTests": 14,
    "SkippedTests": 0,
    "SuccessRate": 35.71,
    "OverallResult": "FAILED"
  },
  "StartTime": "2025-08-25T21:05:20"
}
