[2025-08-21 23:13:16.729] [INFO] ========================================
[2025-08-21 23:13:16.744] [INFO] MUTEX SINGLETON ENFORCEMENT TEST SUITE
[2025-08-21 23:13:16.744] [INFO] ========================================
[2025-08-21 23:13:16.744] [INFO] Test started at: 08/21/2025 23:13:16
[2025-08-21 23:13:16.744] [INFO] Output file: .\Test_Results_MutexSingleton_20250821_231316.txt
[2025-08-21 23:13:16.744] [INFO] 
[2025-08-21 23:13:16.744] [INFO] Importing Unity-Claude-SystemStatus module...
[2025-08-21 23:13:17.011] [OK] Module imported successfully
[2025-08-21 23:13:17.011] [INFO] 
[2025-08-21 23:13:17.011] [INFO] TEST 1: Single Instance Acquisition
[2025-08-21 23:13:17.027] [INFO] ======================================
[2025-08-21 23:13:17.028] [ERROR] EXCEPTION in Test 1: The term 'New-SubsystemMutex' is not recognized as the name of a cmdlet, function, script file, or operable program. Check the spelling of the name, or if a path was included, verify that the path is correct and try again.
[2025-08-21 23:13:17.042] [INFO] 
[2025-08-21 23:13:17.043] [INFO] TEST 2: Duplicate Prevention (Same Process)
[2025-08-21 23:13:17.045] [INFO] ===========================================
[2025-08-21 23:13:17.058] [ERROR] EXCEPTION in Test 2: The term 'New-SubsystemMutex' is not recognized as the name of a cmdlet, function, script file, or operable program. Check the spelling of the name, or if a path was included, verify that the path is correct and try again.
[2025-08-21 23:13:17.059] [INFO] 
[2025-08-21 23:13:17.059] [INFO] TEST 3: Abandoned Mutex Recovery
[2025-08-21 23:13:17.059] [INFO] =================================
[2025-08-21 23:13:17.059] [INFO] Starting process that will abandon mutex...
[2025-08-21 23:13:19.167] [INFO] Process terminated, mutex should be abandoned
[2025-08-21 23:13:19.182] [ERROR] EXCEPTION in Test 3: The term 'New-SubsystemMutex' is not recognized as the name of a cmdlet, function, script file, or operable program. Check the spelling of the name, or if a path was included, verify that the path is correct and try again.
[2025-08-21 23:13:19.182] [INFO] 
[2025-08-21 23:13:19.182] [INFO] TEST 4: Cross-Session Blocking
[2025-08-21 23:13:19.182] [INFO] ===============================
[2025-08-21 23:13:19.193] [INFO] Starting process to hold mutex...
[2025-08-21 23:13:20.283] [INFO] Attempting to acquire mutex from current session...
[2025-08-21 23:13:20.299] [ERROR] EXCEPTION in Test 4: The term 'New-SubsystemMutex' is not recognized as the name of a cmdlet, function, script file, or operable program. Check the spelling of the name, or if a path was included, verify that the path is correct and try again.
[2025-08-21 23:13:20.303] [INFO] 
[2025-08-21 23:13:20.303] [INFO] TEST 5: Test-SubsystemMutex Function
[2025-08-21 23:13:20.303] [INFO] =====================================
[2025-08-21 23:13:20.315] [ERROR] EXCEPTION in Test 5: The term 'Test-SubsystemMutex' is not recognized as the name of a cmdlet, function, script file, or operable program. Check the spelling of the name, or if a path was included, verify that the path is correct and try again.
[2025-08-21 23:13:20.330] [INFO] 
[2025-08-21 23:13:20.330] [INFO] ========================================
[2025-08-21 23:13:20.330] [INFO] TEST SUITE COMPLETED
[2025-08-21 23:13:20.330] [INFO] ========================================
[2025-08-21 23:13:20.330] [INFO] End time: 08/21/2025 23:13:20
[2025-08-21 23:13:20.330] [INFO] Duration: 3.6012885 seconds
[2025-08-21 23:13:20.330] [INFO] 
[2025-08-21 23:13:20.330] [INFO] Results Summary:
[2025-08-21 23:13:20.330] [WARN]   Successes: 0
[2025-08-21 23:13:20.330] [ERROR]   Errors: 5
[2025-08-21 23:13:20.330] [INFO] 
[2025-08-21 23:13:20.346] [INFO] Saving results to: .\Test_Results_MutexSingleton_20250821_231316.txt
