[2025-08-21 23:13:39.391] [INFO] ========================================
[2025-08-21 23:13:39.407] [INFO] MUTEX SINGLETON ENFORCEMENT TEST SUITE
[2025-08-21 23:13:39.407] [INFO] ========================================
[2025-08-21 23:13:39.407] [INFO] Test started at: 08/21/2025 23:13:39
[2025-08-21 23:13:39.412] [INFO] Output file: .\Test_Results_MutexSingleton_20250821_231339.txt
[2025-08-21 23:13:39.412] [INFO] 
[2025-08-21 23:13:39.412] [INFO] Importing Unity-Claude-SystemStatus module...
[2025-08-21 23:13:39.597] [OK] Module imported successfully
[2025-08-21 23:13:39.597] [INFO] 
[2025-08-21 23:13:39.597] [INFO] TEST 1: Single Instance Acquisition
[2025-08-21 23:13:39.610] [INFO] ======================================
[2025-08-21 23:13:39.614] [ERROR] EXCEPTION in Test 1: The term 'New-SubsystemMutex' is not recognized as the name of a cmdlet, function, script file, or operable program. Check the spelling of the name, or if a path was included, verify that the path is correct and try again.
[2025-08-21 23:13:39.629] [INFO] 
[2025-08-21 23:13:39.630] [INFO] TEST 2: Duplicate Prevention (Same Process)
[2025-08-21 23:13:39.630] [INFO] ===========================================
[2025-08-21 23:13:39.630] [ERROR] EXCEPTION in Test 2: The term 'New-SubsystemMutex' is not recognized as the name of a cmdlet, function, script file, or operable program. Check the spelling of the name, or if a path was included, verify that the path is correct and try again.
[2025-08-21 23:13:39.644] [INFO] 
[2025-08-21 23:13:39.644] [INFO] TEST 3: Abandoned Mutex Recovery
[2025-08-21 23:13:39.644] [INFO] =================================
[2025-08-21 23:13:39.644] [INFO] Starting process that will abandon mutex...
[2025-08-21 23:13:41.748] [INFO] Process terminated, mutex should be abandoned
[2025-08-21 23:13:41.764] [ERROR] EXCEPTION in Test 3: The term 'New-SubsystemMutex' is not recognized as the name of a cmdlet, function, script file, or operable program. Check the spelling of the name, or if a path was included, verify that the path is correct and try again.
[2025-08-21 23:13:41.764] [INFO] 
[2025-08-21 23:13:41.764] [INFO] TEST 4: Cross-Session Blocking
[2025-08-21 23:13:41.764] [INFO] ===============================
[2025-08-21 23:13:41.764] [INFO] Starting process to hold mutex...
[2025-08-21 23:13:42.850] [INFO] Attempting to acquire mutex from current session...
[2025-08-21 23:13:42.850] [ERROR] EXCEPTION in Test 4: The term 'New-SubsystemMutex' is not recognized as the name of a cmdlet, function, script file, or operable program. Check the spelling of the name, or if a path was included, verify that the path is correct and try again.
[2025-08-21 23:13:42.865] [INFO] 
[2025-08-21 23:13:42.865] [INFO] TEST 5: Test-SubsystemMutex Function
[2025-08-21 23:13:42.865] [INFO] =====================================
[2025-08-21 23:13:42.881] [ERROR] EXCEPTION in Test 5: The term 'Test-SubsystemMutex' is not recognized as the name of a cmdlet, function, script file, or operable program. Check the spelling of the name, or if a path was included, verify that the path is correct and try again.
[2025-08-21 23:13:42.881] [INFO] 
[2025-08-21 23:13:42.881] [INFO] ========================================
[2025-08-21 23:13:42.881] [INFO] TEST SUITE COMPLETED
[2025-08-21 23:13:42.889] [INFO] ========================================
[2025-08-21 23:13:42.889] [INFO] End time: 08/21/2025 23:13:42
[2025-08-21 23:13:42.891] [INFO] Duration: 3.4903022 seconds
[2025-08-21 23:13:42.897] [INFO] 
[2025-08-21 23:13:42.897] [INFO] Results Summary:
[2025-08-21 23:13:42.897] [WARN]   Successes: 0
[2025-08-21 23:13:42.902] [ERROR]   Errors: 5
[2025-08-21 23:13:42.902] [INFO] 
[2025-08-21 23:13:42.902] [INFO] Saving results to: .\Test_Results_MutexSingleton_20250821_231339.txt
