[2025-08-21 23:03:59.668] [INFO] ========================================
[2025-08-21 23:03:59.686] [INFO] MUTEX SINGLETON ENFORCEMENT TEST SUITE
[2025-08-21 23:03:59.686] [INFO] ========================================
[2025-08-21 23:03:59.693] [INFO] Test started at: 08/21/2025 23:03:59
[2025-08-21 23:03:59.693] [INFO] Output file: .\Test_Results_MutexSingleton_20250821_230359.txt
[2025-08-21 23:03:59.693] [INFO] 
[2025-08-21 23:03:59.700] [INFO] Importing Unity-Claude-SystemStatus module...
[2025-08-21 23:03:59.904] [OK] Module imported successfully
[2025-08-21 23:03:59.904] [INFO] 
[2025-08-21 23:03:59.904] [INFO] TEST 1: Single Instance Acquisition
[2025-08-21 23:03:59.904] [INFO] ======================================
[2025-08-21 23:03:59.935] [ERROR] EXCEPTION in Test 1: The term 'New-SubsystemMutex' is not recognized as the name of a cmdlet, function, script file, or operable program. Check the spelling of the name, or if a path was included, verify that the path is correct and try again.
[2025-08-21 23:03:59.935] [INFO] 
[2025-08-21 23:03:59.940] [INFO] TEST 2: Duplicate Prevention (Same Process)
[2025-08-21 23:03:59.940] [INFO] ===========================================
[2025-08-21 23:03:59.951] [ERROR] EXCEPTION in Test 2: The term 'New-SubsystemMutex' is not recognized as the name of a cmdlet, function, script file, or operable program. Check the spelling of the name, or if a path was included, verify that the path is correct and try again.
[2025-08-21 23:03:59.951] [INFO] 
[2025-08-21 23:03:59.957] [INFO] TEST 3: Abandoned Mutex Recovery
[2025-08-21 23:03:59.957] [INFO] =================================
[2025-08-21 23:03:59.958] [INFO] Starting process that will abandon mutex...
[2025-08-21 23:04:02.064] [INFO] Process terminated, mutex should be abandoned
[2025-08-21 23:04:02.080] [ERROR] EXCEPTION in Test 3: The term 'New-SubsystemMutex' is not recognized as the name of a cmdlet, function, script file, or operable program. Check the spelling of the name, or if a path was included, verify that the path is correct and try again.
[2025-08-21 23:04:02.080] [INFO] 
[2025-08-21 23:04:02.080] [INFO] TEST 4: Cross-Session Blocking
[2025-08-21 23:04:02.080] [INFO] ===============================
[2025-08-21 23:04:02.080] [INFO] Starting process to hold mutex...
[2025-08-21 23:04:03.142] [INFO] Attempting to acquire mutex from current session...
[2025-08-21 23:04:03.142] [ERROR] EXCEPTION in Test 4: The term 'New-SubsystemMutex' is not recognized as the name of a cmdlet, function, script file, or operable program. Check the spelling of the name, or if a path was included, verify that the path is correct and try again.
[2025-08-21 23:04:03.142] [INFO] 
[2025-08-21 23:04:03.158] [INFO] TEST 5: Test-SubsystemMutex Function
[2025-08-21 23:04:03.158] [INFO] =====================================
[2025-08-21 23:04:03.174] [ERROR] EXCEPTION in Test 5: The term 'Test-SubsystemMutex' is not recognized as the name of a cmdlet, function, script file, or operable program. Check the spelling of the name, or if a path was included, verify that the path is correct and try again.
[2025-08-21 23:04:03.174] [INFO] 
[2025-08-21 23:04:03.174] [INFO] ========================================
[2025-08-21 23:04:03.174] [INFO] TEST SUITE COMPLETED
[2025-08-21 23:04:03.174] [INFO] ========================================
[2025-08-21 23:04:03.174] [INFO] End time: 08/21/2025 23:04:03
[2025-08-21 23:04:03.174] [INFO] Duration: 3.5062324 seconds
[2025-08-21 23:04:03.189] [INFO] 
[2025-08-21 23:04:03.189] [INFO] Results Summary:
[2025-08-21 23:04:03.189] [WARN]   Successes: 0
[2025-08-21 23:04:03.189] [ERROR]   Errors: 5
[2025-08-21 23:04:03.189] [INFO] 
[2025-08-21 23:04:03.189] [INFO] Saving results to: .\Test_Results_MutexSingleton_20250821_230359.txt
