<?xml version="1.0" encoding="utf-8" standalone="no"?>
<test-results xmlns:xsi="http://www.w3.org/2001/XMLSchema-instance" xsi:noNamespaceSchemaLocation="nunit_schema_2.5.xsd" name="Pester" total="28" errors="0" failures="23" not-run="0" inconclusive="0" ignored="0" skipped="3" invalid="0" date="2025-08-28" time="20:46:36">
  <environment platform="Microsoft Windows 11 Home|C:\Windows|\Device\Harddisk0\Partition4" user-domain="LAPTOP-6JCV7T48" clr-version="9.0.6" nunit-version="2.5.8.0" os-version="10.0.22631" user="georg" cwd="C:\UnityProjects\Sound-and-Shoal\Unity-Claude-Automation" machine-name="LAPTOP-6JCV7T48" />
  <culture-info current-culture="en-US" current-uiculture="en-US" />
  <test-suite type="TestFixture" name="Pester" executed="True" result="Failure" success="False" time="4.7315" asserts="0" description="Pester">
    <results>
      <test-suite type="TestFixture" name="C:\UnityProjects\Sound-and-Shoal\Unity-Claude-Automation\Test-EnhancedDocumentationSystem.ps1" executed="True" result="Failure" success="False" time="4.7315" asserts="0" description="C:\UnityProjects\Sound-and-Shoal\Unity-Claude-Automation\Test-EnhancedDocumentationSystem.ps1">
        <results>
          <test-suite type="TestFixture" name="Enhanced Documentation System - CPG Components" executed="True" result="Failure" success="False" time="0.1416" asserts="0" description="Enhanced Documentation System - CPG Components">
            <results>
              <test-suite type="TestFixture" name="Enhanced Documentation System - CPG Components.Thread-Safe Operations" executed="True" result="Failure" success="False" time="0" asserts="0" description="Enhanced Documentation System - CPG Components.Thread-Safe Operations">
                <results>
                  <test-case description="Should create thread-safe CPG wrapper" name="Enhanced Documentation System - CPG Components.Thread-Safe Operations.Should create thread-safe CPG wrapper" time="0" asserts="0" success="False" result="Failure" executed="True">
                    <failure>
                      <message>This test should run but it did not. Most likely a setup in some parent block failed.</message>
                      <stack-trace />
                    </failure>
                  </test-case>
                  <test-case description="Should handle concurrent operations safely" name="Enhanced Documentation System - CPG Components.Thread-Safe Operations.Should handle concurrent operations safely" time="0" asserts="0" success="False" result="Failure" executed="True">
                    <failure>
                      <message>This test should run but it did not. Most likely a setup in some parent block failed.</message>
                      <stack-trace />
                    </failure>
                  </test-case>
                  <test-case description="Should provide thread safety statistics" name="Enhanced Documentation System - CPG Components.Thread-Safe Operations.Should provide thread safety statistics" time="0" asserts="0" success="False" result="Failure" executed="True">
                    <failure>
                      <message>This test should run but it did not. Most likely a setup in some parent block failed.</message>
                      <stack-trace />
                    </failure>
                  </test-case>
                </results>
              </test-suite>
              <test-suite type="TestFixture" name="Enhanced Documentation System - CPG Components.Call Graph Builder" executed="True" result="Failure" success="False" time="0" asserts="0" description="Enhanced Documentation System - CPG Components.Call Graph Builder">
                <results>
                  <test-case description="Should build call graphs from source code" name="Enhanced Documentation System - CPG Components.Call Graph Builder.Should build call graphs from source code" time="0" asserts="0" success="False" result="Failure" executed="True">
                    <failure>
                      <message>This test should run but it did not. Most likely a setup in some parent block failed.</message>
                      <stack-trace />
                    </failure>
                  </test-case>
                  <test-case description="Should detect recursive calls" name="Enhanced Documentation System - CPG Components.Call Graph Builder.Should detect recursive calls" time="0" asserts="0" success="False" result="Failure" executed="True">
                    <failure>
                      <message>This test should run but it did not. Most likely a setup in some parent block failed.</message>
                      <stack-trace />
                    </failure>
                  </test-case>
                </results>
              </test-suite>
              <test-suite type="TestFixture" name="Enhanced Documentation System - CPG Components.Data Flow Tracker" executed="True" result="Failure" success="False" time="0" asserts="0" description="Enhanced Documentation System - CPG Components.Data Flow Tracker">
                <results>
                  <test-case description="Should track variable definitions and uses" name="Enhanced Documentation System - CPG Components.Data Flow Tracker.Should track variable definitions and uses" time="0" asserts="0" success="False" result="Failure" executed="True">
                    <failure>
                      <message>This test should run but it did not. Most likely a setup in some parent block failed.</message>
                      <stack-trace />
                    </failure>
                  </test-case>
                  <test-case description="Should perform taint analysis" name="Enhanced Documentation System - CPG Components.Data Flow Tracker.Should perform taint analysis" time="0" asserts="0" success="False" result="Failure" executed="True">
                    <failure>
                      <message>This test should run but it did not. Most likely a setup in some parent block failed.</message>
                      <stack-trace />
                    </failure>
                  </test-case>
                </results>
              </test-suite>
            </results>
          </test-suite>
          <test-suite type="TestFixture" name="Enhanced Documentation System - LLM Integration" executed="True" result="Failure" success="False" time="2.5732" asserts="0" description="Enhanced Documentation System - LLM Integration">
            <results>
              <test-suite type="TestFixture" name="Enhanced Documentation System - LLM Integration.Ollama API Integration" executed="True" result="Ignored" success="True" time="0.0369" asserts="0" description="Enhanced Documentation System - LLM Integration.Ollama API Integration">
                <results>
                  <test-case description="Should connect to Ollama service" name="Enhanced Documentation System - LLM Integration.Ollama API Integration.Should connect to Ollama service" time="0.0149" asserts="0" success="False" result="Ignored" executed="False" />
                  <test-case description="Should list available models" name="Enhanced Documentation System - LLM Integration.Ollama API Integration.Should list available models" time="0.0007" asserts="0" success="False" result="Ignored" executed="False" />
                  <test-case description="Should generate responses for code analysis" name="Enhanced Documentation System - LLM Integration.Ollama API Integration.Should generate responses for code analysis" time="0.0015" asserts="0" success="False" result="Ignored" executed="False" />
                </results>
              </test-suite>
              <test-suite type="TestFixture" name="Enhanced Documentation System - LLM Integration.Prompt Templates" executed="True" result="Failure" success="False" time="0.0464" asserts="0" description="Enhanced Documentation System - LLM Integration.Prompt Templates">
                <results>
                  <test-case description="Should create function documentation prompts" name="Enhanced Documentation System - LLM Integration.Prompt Templates.Should create function documentation prompts" time="0" asserts="0" success="False" result="Failure" executed="True">
                    <failure>
                      <message>This test should run but it did not. Most likely a setup in some parent block failed.</message>
                      <stack-trace />
                    </failure>
                  </test-case>
                  <test-case description="Should create module documentation prompts" name="Enhanced Documentation System - LLM Integration.Prompt Templates.Should create module documentation prompts" time="0" asserts="0" success="False" result="Failure" executed="True">
                    <failure>
                      <message>This test should run but it did not. Most likely a setup in some parent block failed.</message>
                      <stack-trace />
                    </failure>
                  </test-case>
                  <test-case description="Should support variable substitution" name="Enhanced Documentation System - LLM Integration.Prompt Templates.Should support variable substitution" time="0" asserts="0" success="False" result="Failure" executed="True">
                    <failure>
                      <message>This test should run but it did not. Most likely a setup in some parent block failed.</message>
                      <stack-trace />
                    </failure>
                  </test-case>
                </results>
              </test-suite>
              <test-suite type="TestFixture" name="Enhanced Documentation System - LLM Integration.Response Cache" executed="True" result="Failure" success="False" time="0.0558" asserts="0" description="Enhanced Documentation System - LLM Integration.Response Cache">
                <results>
                  <test-case description="Should cache and retrieve responses" name="Enhanced Documentation System - LLM Integration.Response Cache.Should cache and retrieve responses" time="0" asserts="0" success="False" result="Failure" executed="True">
                    <failure>
                      <message>This test should run but it did not. Most likely a setup in some parent block failed.</message>
                      <stack-trace />
                    </failure>
                  </test-case>
                  <test-case description="Should handle TTL expiration" name="Enhanced Documentation System - LLM Integration.Response Cache.Should handle TTL expiration" time="0" asserts="0" success="False" result="Failure" executed="True">
                    <failure>
                      <message>This test should run but it did not. Most likely a setup in some parent block failed.</message>
                      <stack-trace />
                    </failure>
                  </test-case>
                  <test-case description="Should provide cache statistics" name="Enhanced Documentation System - LLM Integration.Response Cache.Should provide cache statistics" time="0" asserts="0" success="False" result="Failure" executed="True">
                    <failure>
                      <message>This test should run but it did not. Most likely a setup in some parent block failed.</message>
                      <stack-trace />
                    </failure>
                  </test-case>
                </results>
              </test-suite>
            </results>
          </test-suite>
          <test-suite type="TestFixture" name="Enhanced Documentation System - Templates &amp; Automation" executed="True" result="Failure" success="False" time="2.624" asserts="0" description="Enhanced Documentation System - Templates &amp; Automation">
            <results>
              <test-suite type="TestFixture" name="Enhanced Documentation System - Templates &amp; Automation.Language-Specific Templates" executed="True" result="Failure" success="False" time="0.0073" asserts="0" description="Enhanced Documentation System - Templates &amp; Automation.Language-Specific Templates">
                <results>
                  <test-case description="Should generate PowerShell documentation templates" name="Enhanced Documentation System - Templates &amp; Automation.Language-Specific Templates.Should generate PowerShell documentation templates" time="0" asserts="0" success="False" result="Failure" executed="True">
                    <failure>
                      <message>This test should run but it did not. Most likely a setup in some parent block failed.</message>
                      <stack-trace />
                    </failure>
                  </test-case>
                  <test-case description="Should generate Python documentation templates" name="Enhanced Documentation System - Templates &amp; Automation.Language-Specific Templates.Should generate Python documentation templates" time="0" asserts="0" success="False" result="Failure" executed="True">
                    <failure>
                      <message>This test should run but it did not. Most likely a setup in some parent block failed.</message>
                      <stack-trace />
                    </failure>
                  </test-case>
                  <test-case description="Should generate C# documentation templates" name="Enhanced Documentation System - Templates &amp; Automation.Language-Specific Templates.Should generate C# documentation templates" time="0" asserts="0" success="False" result="Failure" executed="True">
                    <failure>
                      <message>This test should run but it did not. Most likely a setup in some parent block failed.</message>
                      <stack-trace />
                    </failure>
                  </test-case>
                  <test-case description="Should generate JavaScript documentation templates" name="Enhanced Documentation System - Templates &amp; Automation.Language-Specific Templates.Should generate JavaScript documentation templates" time="0" asserts="0" success="False" result="Failure" executed="True">
                    <failure>
                      <message>This test should run but it did not. Most likely a setup in some parent block failed.</message>
                      <stack-trace />
                    </failure>
                  </test-case>
                  <test-case description="Should detect language from file extensions" name="Enhanced Documentation System - Templates &amp; Automation.Language-Specific Templates.Should detect language from file extensions" time="0" asserts="0" success="False" result="Failure" executed="True">
                    <failure>
                      <message>This test should run but it did not. Most likely a setup in some parent block failed.</message>
                      <stack-trace />
                    </failure>
                  </test-case>
                </results>
              </test-suite>
              <test-suite type="TestFixture" name="Enhanced Documentation System - Templates &amp; Automation.Automation Triggers" executed="True" result="Failure" success="False" time="0.0152" asserts="0" description="Enhanced Documentation System - Templates &amp; Automation.Automation Triggers">
                <results>
                  <test-case description="Should initialize documentation triggers" name="Enhanced Documentation System - Templates &amp; Automation.Automation Triggers.Should initialize documentation triggers" time="0" asserts="0" success="False" result="Failure" executed="True">
                    <failure>
                      <message>This test should run but it did not. Most likely a setup in some parent block failed.</message>
                      <stack-trace />
                    </failure>
                  </test-case>
                  <test-case description="Should log trigger activity" name="Enhanced Documentation System - Templates &amp; Automation.Automation Triggers.Should log trigger activity" time="0" asserts="0" success="False" result="Failure" executed="True">
                    <failure>
                      <message>This test should run but it did not. Most likely a setup in some parent block failed.</message>
                      <stack-trace />
                    </failure>
                  </test-case>
                </results>
              </test-suite>
            </results>
          </test-suite>
          <test-suite type="TestFixture" name="Enhanced Documentation System - Performance" executed="True" result="Failure" success="False" time="4.4023" asserts="0" description="Enhanced Documentation System - Performance">
            <results>
              <test-suite type="TestFixture" name="Enhanced Documentation System - Performance.Cache Performance" executed="True" result="Failure" success="False" time="0.0559" asserts="0" description="Enhanced Documentation System - Performance.Cache Performance">
                <results>
                  <test-case description="Should meet cache performance benchmarks" name="Enhanced Documentation System - Performance.Cache Performance.Should meet cache performance benchmarks" time="0.0307" asserts="0" success="False" result="Failure" executed="True">
                    <failure>
                      <message>CommandNotFoundException: The term 'New-PerformanceCache' is not recognized as a name of a cmdlet, function, script file, or executable program.
Check the spelling of the name, or if a path was included, verify that the path is correct and try again.</message>
                      <stack-trace>at &lt;ScriptBlock&gt;, C:\UnityProjects\Sound-and-Shoal\Unity-Claude-Automation\Test-EnhancedDocumentationSystem.ps1:784</stack-trace>
                    </failure>
                  </test-case>
                  <test-case description="Should handle cache warming efficiently" name="Enhanced Documentation System - Performance.Cache Performance.Should handle cache warming efficiently" time="0.019" asserts="0" success="False" result="Failure" executed="True">
                    <failure>
                      <message>CommandNotFoundException: The term 'New-PerformanceCache' is not recognized as a name of a cmdlet, function, script file, or executable program.
Check the spelling of the name, or if a path was included, verify that the path is correct and try again.</message>
                      <stack-trace>at &lt;ScriptBlock&gt;, C:\UnityProjects\Sound-and-Shoal\Unity-Claude-Automation\Test-EnhancedDocumentationSystem.ps1:806</stack-trace>
                    </failure>
                  </test-case>
                </results>
              </test-suite>
              <test-suite type="TestFixture" name="Enhanced Documentation System - Performance.File Processing Performance" executed="True" result="Success" success="True" time="0.1776" asserts="0" description="Enhanced Documentation System - Performance.File Processing Performance">
                <results>
                  <test-case description="Should process files at 100+ files per second" name="Enhanced Documentation System - Performance.File Processing Performance.Should process files at 100+ files per second" time="0.0455" asserts="0" success="True" result="Success" executed="True" />
                  <test-case description="Should handle incremental updates efficiently" name="Enhanced Documentation System - Performance.File Processing Performance.Should handle incremental updates efficiently" time="0.0201" asserts="0" success="True" result="Success" executed="True" />
                </results>
              </test-suite>
              <test-suite type="TestFixture" name="Enhanced Documentation System - Performance.Parallel Processing Performance" executed="True" result="Failure" success="False" time="1.6958" asserts="0" description="Enhanced Documentation System - Performance.Parallel Processing Performance">
                <results>
                  <test-case description="Should demonstrate parallel processing benefits" name="Enhanced Documentation System - Performance.Parallel Processing Performance.Should demonstrate parallel processing benefits" time="1.5123" asserts="0" success="False" result="Failure" executed="True">
                    <failure>
                      <message>Expected the actual value to be less than 403.0951, but got 680.5131.</message>
                      <stack-trace>at $parallelTime.TotalMilliseconds | Should -BeLessThan ($sequentialTime.TotalMilliseconds / 2), C:\UnityProjects\Sound-and-Shoal\Unity-Claude-Automation\Test-EnhancedDocumentationSystem.ps1:924
at &lt;ScriptBlock&gt;, C:\UnityProjects\Sound-and-Shoal\Unity-Claude-Automation\Test-EnhancedDocumentationSystem.ps1:924</stack-trace>
                    </failure>
                  </test-case>
                </results>
              </test-suite>
            </results>
          </test-suite>
        </results>
      </test-suite>
    </results>
  </test-suite>
</test-results>