=== Enhanced Documentation System Test Runner ===
Test Script: Test-EnhancedDocumentationSystem.ps1
Test Scope: All
Output Path: \TestResults
Start Time: 08/28/2025 20:44:26

=== Executing Pester Tests ===
[95m
[95mStarting discovery in 1 files.[0m
========== SCRIPT INITIALIZATION START ==========
[SCRIPT-INIT] Initializing Enhanced Documentation System test script...
[SCRIPT-INIT] PSScriptRoot: C:\UnityProjects\Sound-and-Shoal\Unity-Claude-Automation
[SCRIPT-INIT] Initializing module availability hashtables...
[SCRIPT-INIT] Testing CPG module availability...
[SCRIPT-INIT] Testing LLM module availability...
[SCRIPT-INIT] Testing Template module availability...
[SCRIPT-INIT] Testing Performance module availability...
[SCRIPT-INIT] Module availability testing complete
[SCRIPT-INIT] CPG module results:
  CPG-Unified: FOUND
  CPG-CallGraphBuilder: FOUND
  CPG-ThreadSafeOperations: FOUND
  CPG-DataFlowTracker: FOUND
[SCRIPT-INIT] LLM module results:
  LLM-PromptTemplates: FOUND
  LLM-ResponseCache: FOUND
[SCRIPT-INIT] Template module results:
  Templates-PerLanguage: FOUND
  AutoGenerationTriggers: FOUND
[SCRIPT-INIT] Performance module results:
  Performance-Cache: FOUND
  Performance-IncrementalUpdates: FOUND
  ParallelProcessing: FOUND
========== SCRIPT INITIALIZATION COMPLETE ==========
>>>>>> [DESCRIBE-CPG] CPG Describe block ENTERED <<<<<<
>>>>>> [DESCRIBE-LLM] LLM Describe block ENTERED <<<<<<
>>>>>> [DESCRIBE-TEMPLATES] Templates Describe block ENTERED <<<<<<
>>>>>> [DESCRIBE-PERFORMANCE] Performance Describe block ENTERED <<<<<<
[95mDiscovery found 28 tests in 194ms.[0m
[95mRunning tests.[0m
!!!!!! [BeforeAll-CPG] BEFOREALL BLOCK REACHED DURING RUN PHASE !!!!!!
========== [BeforeAll-CPG] STARTING CPG MODULE TESTING ==========
[BeforeAll-CPG] Initializing CPG test environment...
[BeforeAll-CPG] Module paths configured:
  CPG-Unified: C:\UnityProjects\Sound-and-Shoal\Unity-Claude-Automation\Modules\Unity-Claude-CPG\Core\CPG-Unified.psm1
  CPG-CallGraphBuilder: C:\UnityProjects\Sound-and-Shoal\Unity-Claude-Automation\Modules\Unity-Claude-CPG\Core\CPG-CallGraphBuilder.psm1
  CPG-ThreadSafeOperations: C:\UnityProjects\Sound-and-Shoal\Unity-Claude-Automation\Modules\Unity-Claude-CPG\Core\CPG-ThreadSafeOperations.psm1
  CPG-DataFlowTracker: C:\UnityProjects\Sound-and-Shoal\Unity-Claude-Automation\Modules\Unity-Claude-CPG\Core\CPG-DataFlowTracker.psm1
[BeforeAll-CPG] Current script variable status:
  CPGModulesAvailable: NULL
[BeforeAll-CPG] Testing availability for 4 modules...
[BeforeAll-CPG] ===== Testing Module: CPG-Unified =====
[BeforeAll-CPG] Calling Test-ModuleAvailable for CPG-Unified...
[BeforeAll-CPG] EXCEPTION testing CPG-Unified : The term 'Test-ModuleAvailable' is not recognized as the name of a cmdlet, function, script file, or operable program. Check the spelling of the name, or if a path was included, verify that the path is correct and try again.
[BeforeAll-CPG] ===== Testing Module: CPG-CallGraphBuilder =====
[BeforeAll-CPG] Calling Test-ModuleAvailable for CPG-CallGraphBuilder...
[BeforeAll-CPG] EXCEPTION testing CPG-CallGraphBuilder : The term 'Test-ModuleAvailable' is not recognized as the name of a cmdlet, function, script file, or operable program. Check the spelling of the name, or if a path was included, verify that the path is correct and try again.
[BeforeAll-CPG] ===== Testing Module: CPG-ThreadSafeOperations =====
[BeforeAll-CPG] Calling Test-ModuleAvailable for CPG-ThreadSafeOperations...
[BeforeAll-CPG] EXCEPTION testing CPG-ThreadSafeOperations : The term 'Test-ModuleAvailable' is not recognized as the name of a cmdlet, function, script file, or operable program. Check the spelling of the name, or if a path was included, verify that the path is correct and try again.
[BeforeAll-CPG] ===== Testing Module: CPG-DataFlowTracker =====
[BeforeAll-CPG] Calling Test-ModuleAvailable for CPG-DataFlowTracker...
[BeforeAll-CPG] EXCEPTION testing CPG-DataFlowTracker : The term 'Test-ModuleAvailable' is not recognized as the name of a cmdlet, function, script file, or operable program. Check the spelling of the name, or if a path was included, verify that the path is correct and try again.
[BeforeAll-CPG] ===== FINAL MODULE AVAILABILITY SUMMARY =====
[91m[-] Describe Enhanced Documentation System - CPG Components failed[0m
[91m RuntimeException: You cannot call a method on a null-valued expression.
[91m at <ScriptBlock>, C:\UnityProjects\Sound-and-Shoal\Unity-Claude-Automation\Test-EnhancedDocumentationSystem.ps1:285[0m
!!!!!! [BeforeAll-LLM] BEFOREALL BLOCK REACHED DURING RUN PHASE !!!!!!
  Initializing LLM test environment...
    Ollama service detected: Available
[BeforeAll-LLM] Testing availability for 2 modules...
[BeforeAll-LLM] Testing module: LLM-PromptTemplates
[BeforeAll-LLM] Exception testing LLM-PromptTemplates : The term 'Test-ModuleAvailable' is not recognized as the name of a cmdlet, function, script file, or operable program. Check the spelling of the name, or if a path was included, verify that the path is correct and try again.
[BeforeAll-LLM] Testing module: LLM-ResponseCache
[BeforeAll-LLM] Exception testing LLM-ResponseCache : The term 'Test-ModuleAvailable' is not recognized as the name of a cmdlet, function, script file, or operable program. Check the spelling of the name, or if a path was included, verify that the path is correct and try again.
[91m[-] Context Enhanced Documentation System - LLM Integration.Prompt Templates failed[0m
[91m RuntimeException: Cannot index into a null array.
[91m at <ScriptBlock>, C:\UnityProjects\Sound-and-Shoal\Unity-Claude-Automation\Test-EnhancedDocumentationSystem.ps1:513[0m
[91m[-] Context Enhanced Documentation System - LLM Integration.Response Cache failed[0m
[91m RuntimeException: Cannot index into a null array.
[91m at <ScriptBlock>, C:\UnityProjects\Sound-and-Shoal\Unity-Claude-Automation\Test-EnhancedDocumentationSystem.ps1:551[0m
!!!!!! [BeforeAll-TEMPLATES] BEFOREALL BLOCK REACHED DURING RUN PHASE !!!!!!
  Initializing Templates test environment...
[BeforeAll-Templates] Testing availability for 2 modules...
[BeforeAll-Templates] Testing module: Templates-PerLanguage
[BeforeAll-Templates] Exception testing Templates-PerLanguage : The term 'Test-ModuleAvailable' is not recognized as the name of a cmdlet, function, script file, or operable program. Check the spelling of the name, or if a path was included, verify that the path is correct and try again.
[BeforeAll-Templates] Testing module: AutoGenerationTriggers
[BeforeAll-Templates] Exception testing AutoGenerationTriggers : The term 'Test-ModuleAvailable' is not recognized as the name of a cmdlet, function, script file, or operable program. Check the spelling of the name, or if a path was included, verify that the path is correct and try again.
[91m[-] Context Enhanced Documentation System - Templates & Automation.Language-Specific Templates failed[0m
[91m RuntimeException: Cannot index into a null array.
[91m at <ScriptBlock>, C:\UnityProjects\Sound-and-Shoal\Unity-Claude-Automation\Test-EnhancedDocumentationSystem.ps1:645[0m
[91m[-] Context Enhanced Documentation System - Templates & Automation.Automation Triggers failed[0m
[91m RuntimeException: Cannot index into a null array.
[91m at <ScriptBlock>, C:\UnityProjects\Sound-and-Shoal\Unity-Claude-Automation\Test-EnhancedDocumentationSystem.ps1:704[0m
!!!!!! [BeforeAll-PERFORMANCE] BEFOREALL BLOCK REACHED DURING RUN PHASE !!!!!!
  Initializing Performance test environment...
[91m[-] Enhanced Documentation System - Performance.Cache Performance.Should meet cache performance benchmarks[0m[90m 32ms (26ms|7ms)[0m
[91m CommandNotFoundException: The term 'New-PerformanceCache' is not recognized as the name of a cmdlet, function, script file, or operable program. Check the spelling of the name, or if a path was included, verify that the path is correct and try again.
[91m at <ScriptBlock>, C:\UnityProjects\Sound-and-Shoal\Unity-Claude-Automation\Test-EnhancedDocumentationSystem.ps1:784[0m
[91m[-] Enhanced Documentation System - Performance.Cache Performance.Should handle cache warming efficiently[0m[90m 49ms (48ms|0ms)[0m
[91m CommandNotFoundException: The term 'New-PerformanceCache' is not recognized as the name of a cmdlet, function, script file, or operable program. Check the spelling of the name, or if a path was included, verify that the path is correct and try again.
[91m at <ScriptBlock>, C:\UnityProjects\Sound-and-Shoal\Unity-Claude-Automation\Test-EnhancedDocumentationSystem.ps1:806[0m
    Generated 50 test files
    Processed 50 files in 22ms
    Rate: 2272.73 files/second
[91m[-] Enhanced Documentation System - Performance.Parallel Processing Performance.Should demonstrate parallel processing benefits[0m[90m 788ms (788ms|0ms)[0m
[91m ParameterBindingException: Parameter set cannot be resolved using the specified named parameters.
[91m at <ScriptBlock>, C:\UnityProjects\Sound-and-Shoal\Unity-Claude-Automation\Test-EnhancedDocumentationSystem.ps1:915
[91m at <ScriptBlock>, C:\UnityProjects\Sound-and-Shoal\Unity-Claude-Automation\Test-EnhancedDocumentationSystem.ps1:914[0m
    Cleaned up test files
[97mTests completed in 3.87s[0m
[97mTests Passed: 2, [0m[91mFailed: 23, [0m[93mSkipped: 3, [0m[90mInconclusive: 0, [0m[37m[0m[90mNotRun: 0[0m
[91mBeforeAll \ AfterAll failed: 5[0m
[91m  - Enhanced Documentation System - CPG Components
[91m  - Enhanced Documentation System - LLM Integration.Prompt Templates
[91m  - Enhanced Documentation System - LLM Integration.Response Cache
[91m  - Enhanced Documentation System - Templates & Automation.Language-Specific Templates
[91m  - Enhanced Documentation System - Templates & Automation.Automation Triggers[0m

=== Test Results Summary ===
  Total Tests: 28
  Passed: 2
  Failed: 23
  Skipped: 3
  Duration: 3.8711982 seconds
  Success Rate: 7.1%

=== Test Artifacts ===
  XML Report: Path relative to the current directory where test result report is saved. (\TestResults\EnhancedDocumentationSystem-UnitTests-20250828-204426.xml, default: testResults.xml)
  JSON Results: \TestResults\EnhancedDocumentationSystem-TestRunner-Results-20250828-204431.json
  Test Output Directory: \TestResults

[FAIL] Some tests failed. Review the detailed results above.
