=== Enhanced Documentation System Test Runner ===
Test Script: Test-EnhancedDocumentationSystem.ps1
Test Scope: All
Output Path: \TestResults
Start Time: 08/28/2025 20:32:17

=== Executing Pester Tests ===
[95m
[95mStarting discovery in 1 files.[0m
========== SCRIPT INITIALIZATION START ==========
[SCRIPT-INIT] Initializing Enhanced Documentation System test script...
[SCRIPT-INIT] PSScriptRoot: C:\UnityProjects\Sound-and-Shoal\Unity-Claude-Automation
[SCRIPT-INIT] Initializing module availability hashtables...
[SCRIPT-INIT] Testing CPG module availability...
[SCRIPT-INIT] Testing LLM module availability...
[SCRIPT-INIT] Testing Template module availability...
[SCRIPT-INIT] Testing Performance module availability...
[SCRIPT-INIT] Module availability testing complete
[SCRIPT-INIT] CPG module results:
  CPG-Unified: FOUND
  CPG-CallGraphBuilder: FOUND
  CPG-ThreadSafeOperations: FOUND
  CPG-DataFlowTracker: FOUND
[SCRIPT-INIT] LLM module results:
  LLM-PromptTemplates: FOUND
  LLM-ResponseCache: FOUND
[SCRIPT-INIT] Template module results:
  Templates-PerLanguage: FOUND
  AutoGenerationTriggers: FOUND
[SCRIPT-INIT] Performance module results:
  Performance-Cache: FOUND
  Performance-IncrementalUpdates: FOUND
  ParallelProcessing: FOUND
========== SCRIPT INITIALIZATION COMPLETE ==========
>>>>>> [DESCRIBE-CPG] CPG Describe block ENTERED <<<<<<
>>>>>> [DESCRIBE-LLM] LLM Describe block ENTERED <<<<<<
>>>>>> [DESCRIBE-TEMPLATES] Templates Describe block ENTERED <<<<<<
>>>>>> [DESCRIBE-PERFORMANCE] Performance Describe block ENTERED <<<<<<
[95mDiscovery found 28 tests in 202ms.[0m
[95mRunning tests.[0m
!!!!!! [BeforeAll-CPG] BEFOREALL BLOCK REACHED DURING RUN PHASE !!!!!!
========== [BeforeAll-CPG] STARTING CPG MODULE TESTING ==========
[BeforeAll-CPG] Initializing CPG test environment...
[BeforeAll-CPG] Module paths configured:
  CPG-Unified: C:\UnityProjects\Sound-and-Shoal\Unity-Claude-Automation\Modules\Unity-Claude-CPG\Core\CPG-Unified.psm1
  CPG-CallGraphBuilder: C:\UnityProjects\Sound-and-Shoal\Unity-Claude-Automation\Modules\Unity-Claude-CPG\Core\CPG-CallGraphBuilder.psm1
  CPG-ThreadSafeOperations: C:\UnityProjects\Sound-and-Shoal\Unity-Claude-Automation\Modules\Unity-Claude-CPG\Core\CPG-ThreadSafeOperations.psm1
  CPG-DataFlowTracker: C:\UnityProjects\Sound-and-Shoal\Unity-Claude-Automation\Modules\Unity-Claude-CPG\Core\CPG-DataFlowTracker.psm1
[BeforeAll-CPG] Current script variable status:
[91m[-] Describe Enhanced Documentation System - CPG Components failed[0m
[91m RuntimeException: You cannot call a method on a null-valued expression.
[91m at <ScriptBlock>, C:\UnityProjects\Sound-and-Shoal\Unity-Claude-Automation\Test-EnhancedDocumentationSystem.ps1:242[0m
!!!!!! [BeforeAll-LLM] BEFOREALL BLOCK REACHED DURING RUN PHASE !!!!!!
  Initializing LLM test environment...
    Ollama service detected: Available
[91m[-] Describe Enhanced Documentation System - LLM Integration failed[0m
[91m RuntimeException: Cannot index into a null array.
[91m at <ScriptBlock>, C:\UnityProjects\Sound-and-Shoal\Unity-Claude-Automation\Test-EnhancedDocumentationSystem.ps1:457[0m
!!!!!! [BeforeAll-TEMPLATES] BEFOREALL BLOCK REACHED DURING RUN PHASE !!!!!!
  Initializing Templates test environment...
[91m[-] Describe Enhanced Documentation System - Templates & Automation failed[0m
[91m RuntimeException: Cannot index into a null array.
[91m at <ScriptBlock>, C:\UnityProjects\Sound-and-Shoal\Unity-Claude-Automation\Test-EnhancedDocumentationSystem.ps1:600[0m
!!!!!! [BeforeAll-PERFORMANCE] BEFOREALL BLOCK REACHED DURING RUN PHASE !!!!!!
  Initializing Performance test environment...
[91m[-] Context Enhanced Documentation System - Performance.Cache Performance failed[0m
[91m RuntimeException: Cannot index into a null array.
[91m at <ScriptBlock>, C:\UnityProjects\Sound-and-Shoal\Unity-Claude-Automation\Test-EnhancedDocumentationSystem.ps1:745[0m
    Generated 50 test files
    Processed 50 files in 12ms
    Rate: 4166.67 files/second
[91m[-] Enhanced Documentation System - Performance.File Processing Performance.Should handle incremental updates efficiently[0m[90m 17ms (16ms|1ms)[0m
[91m CommandNotFoundException: The term 'Detect-FileChange' is not recognized as the name of a cmdlet, function, script file, or operable program. Check the spelling of the name, or if a path was included, verify that the path is correct and try again.
[91m at <ScriptBlock>, C:\UnityProjects\Sound-and-Shoal\Unity-Claude-Automation\Test-EnhancedDocumentationSystem.ps1:853[0m
[91m[-] Context Enhanced Documentation System - Performance.Parallel Processing Performance failed[0m
[91m RuntimeException: Cannot index into a null array.
[91m at <ScriptBlock>, C:\UnityProjects\Sound-and-Shoal\Unity-Claude-Automation\Test-EnhancedDocumentationSystem.ps1:865[0m
    Cleaned up test files
[97mTests completed in 2.85s[0m
[97mTests Passed: 1, [0m[91mFailed: 27, [0m[90mSkipped: 0, [0m[90mInconclusive: 0, [0m[37m[0m[90mNotRun: 0[0m
[91mBeforeAll \ AfterAll failed: 5[0m
[91m  - Enhanced Documentation System - CPG Components
[91m  - Enhanced Documentation System - LLM Integration
[91m  - Enhanced Documentation System - Templates & Automation
[91m  - Enhanced Documentation System - Performance.Cache Performance
[91m  - Enhanced Documentation System - Performance.Parallel Processing Performance[0m

=== Test Results Summary ===
  Total Tests: 28
  Passed: 1
  Failed: 27
  Skipped: 0
  Duration: 2.8508253 seconds
  Success Rate: 3.6%

=== Test Artifacts ===
  XML Report: Path relative to the current directory where test result report is saved. (\TestResults\EnhancedDocumentationSystem-UnitTests-20250828-203217.xml, default: testResults.xml)
  JSON Results: \TestResults\EnhancedDocumentationSystem-TestRunner-Results-20250828-203221.json
  Test Output Directory: \TestResults

[FAIL] Some tests failed. Review the detailed results above.
